<module 'opts' from '/u/suhubdyd/research/projects/jumble_lstm/code/auxiliary-nmt/opts.pyc'>
Namespace(batch_size=64, brnn=False, brnn_merge='concat', cnn_kernel_width=3, context_gate=None, copy_attn=False, copy_attn_force=False, coverage_attn=False, data='/data/lisatmp3/suhubdyd/multi30k.atok.low', dec_layers=1, decay_method='', decoder_type='rnn', dropout=0.5, enc_layers=2, encoder_type='rnn', epochs=40, exp='', exp_host='', feat_merge='concat', feat_vec_exponent=0.7, feat_vec_size=-1, fix_word_vecs_dec=False, fix_word_vecs_enc=False, global_attention='general', gpuid=[0], input_feed=1, kappa=0.15, lambda_coverage=1, layers=-1, learning_rate=1.0, learning_rate_decay=0.5, max_generator_batches=32, max_grad_norm=5, model_type='text', optim='sgd', param_init=0.1, position_encoding=False, pre_word_vecs_dec=None, pre_word_vecs_enc=None, report_every=50, rnn_size=500, rnn_type='LSTM', save_model='/data/lisatmp3/suhubdyd/models/nmtkappa015dropout05seed4_model', seed=4, share_decoder_embeddings=False, share_embeddings=False, src_word_vec_size=500, start_checkpoint_at=0, start_decay_at=8, start_epoch=1, tgt_word_vec_size=500, train_from='', truncated_decoder=0, warmup_steps=4000, word_vec_size=-1)
('Using Kappa L2 loss ', 0.15)
Loading train and validate data from '/data/lisatmp3/suhubdyd/multi30k.atok.low'
 * number of training sentences: 29000
 * maximum batch size: 64
 * vocabulary size. source = 10841; target = 18563
Building model...
Intializing model parameters.
NMTModel (
  (encoder): RNNEncoder (
    (embeddings): Embeddings (
      (make_embedding): Sequential (
        (emb_luts): Elementwise (
          (0): Embedding(10841, 500, padding_idx=1)
        )
      )
    )
    (rnn): LSTM(500, 500, dropout=0.5)
  )
  (decoder): InputFeedRNNDecoder (
    (embeddings): Embeddings (
      (make_embedding): Sequential (
        (emb_luts): Elementwise (
          (0): Embedding(18563, 500, padding_idx=1)
        )
      )
    )
    (dropout): Dropout (p = 0.5)
    (rnn): StackedLSTM (
      (dropout): Dropout (p = 0.5)
      (layers): ModuleList (
        (0): LSTMCell(1000, 500)
      )
    )
    (attn): GlobalAttention (
      (linear_in): Linear (500 -> 500)
      (linear_out): Linear (1000 -> 500)
      (sm): Softmax ()
      (tanh): Tanh ()
    )
  )
  (generator): Sequential (
    (0): Linear (500 -> 18563)
    (1): LogSoftmax ()
  )
)
* number of parameters: 29760063
('encoder: ', 7424500)
('decoder: ', 22335563)

Epoch  1,    50/  454; acc:   8.02; ppl: 12319.00; 6358 src tok/s; 6567 tgt tok/s;      7 s elapsed
Epoch  1,   100/  454; acc:  15.00; ppl: 2384.72; 7255 src tok/s; 7566 tgt tok/s;     12 s elapsed
Epoch  1,   150/  454; acc:  17.34; ppl: 554.21; 7257 src tok/s; 7567 tgt tok/s;     18 s elapsed
Epoch  1,   200/  454; acc:  20.54; ppl: 285.83; 7426 src tok/s; 7677 tgt tok/s;     24 s elapsed
Epoch  1,   250/  454; acc:  23.41; ppl: 187.57; 7316 src tok/s; 7583 tgt tok/s;     30 s elapsed
Epoch  1,   300/  454; acc:  26.85; ppl: 126.88; 7232 src tok/s; 7534 tgt tok/s;     35 s elapsed
Epoch  1,   350/  454; acc:  29.66; ppl:  99.06; 7191 src tok/s; 7485 tgt tok/s;     41 s elapsed
Epoch  1,   400/  454; acc:  31.69; ppl:  80.63; 7257 src tok/s; 7514 tgt tok/s;     47 s elapsed
Epoch  1,   450/  454; acc:  33.22; ppl:  69.72; 7288 src tok/s; 7542 tgt tok/s;     53 s elapsed
Train perplexity: 338.269
Train accuracy: 22.9184
Validation perplexity: 58.3377
Validation accuracy: 36.3346

Epoch  2,    50/  454; acc:  37.00; ppl:  53.24; 6984 src tok/s; 7268 tgt tok/s;      6 s elapsed
Epoch  2,   100/  454; acc:  38.15; ppl:  48.35; 6892 src tok/s; 7092 tgt tok/s;     12 s elapsed
Epoch  2,   150/  454; acc:  41.31; ppl:  37.35; 7245 src tok/s; 7530 tgt tok/s;     18 s elapsed
Epoch  2,   200/  454; acc:  42.65; ppl:  34.30; 7312 src tok/s; 7584 tgt tok/s;     24 s elapsed
Epoch  2,   250/  454; acc:  45.33; ppl:  28.76; 7201 src tok/s; 7469 tgt tok/s;     29 s elapsed
Epoch  2,   300/  454; acc:  46.57; ppl:  25.44; 7057 src tok/s; 7370 tgt tok/s;     35 s elapsed
Epoch  2,   350/  454; acc:  48.83; ppl:  22.98; 7126 src tok/s; 7440 tgt tok/s;     41 s elapsed
Epoch  2,   400/  454; acc:  49.47; ppl:  21.75; 7255 src tok/s; 7494 tgt tok/s;     47 s elapsed
Epoch  2,   450/  454; acc:  51.80; ppl:  18.31; 7160 src tok/s; 7429 tgt tok/s;     53 s elapsed
Train perplexity: 30.3291
Train accuracy: 44.5933
Validation perplexity: 19.0185
Validation accuracy: 50.7592

Epoch  3,    50/  454; acc:  52.50; ppl:  16.80; 7079 src tok/s; 7312 tgt tok/s;      6 s elapsed
Epoch  3,   100/  454; acc:  54.53; ppl:  14.85; 7140 src tok/s; 7419 tgt tok/s;     12 s elapsed
Epoch  3,   150/  454; acc:  55.65; ppl:  13.82; 7175 src tok/s; 7458 tgt tok/s;     18 s elapsed
Epoch  3,   200/  454; acc:  55.11; ppl:  14.41; 6773 src tok/s; 7035 tgt tok/s;     24 s elapsed
Epoch  3,   250/  454; acc:  56.23; ppl:  12.94; 7225 src tok/s; 7500 tgt tok/s;     30 s elapsed
Epoch  3,   300/  454; acc:  56.04; ppl:  13.29; 7229 src tok/s; 7523 tgt tok/s;     35 s elapsed
Epoch  3,   350/  454; acc:  57.00; ppl:  12.52; 6908 src tok/s; 7167 tgt tok/s;     42 s elapsed
Epoch  3,   400/  454; acc:  57.23; ppl:  12.16; 7001 src tok/s; 7274 tgt tok/s;     48 s elapsed
Epoch  3,   450/  454; acc:  58.30; ppl:  11.67; 7051 src tok/s; 7311 tgt tok/s;     53 s elapsed
Train perplexity: 13.5574
Train accuracy: 55.8033
Validation perplexity: 11.1652
Validation accuracy: 58.7839

Epoch  4,    50/  454; acc:  59.56; ppl:  10.05; 7070 src tok/s; 7316 tgt tok/s;      6 s elapsed
Epoch  4,   100/  454; acc:  61.09; ppl:   9.13; 7191 src tok/s; 7450 tgt tok/s;     12 s elapsed
Epoch  4,   150/  454; acc:  59.98; ppl:   9.64; 7502 src tok/s; 7752 tgt tok/s;     18 s elapsed
Epoch  4,   200/  454; acc:  61.62; ppl:   8.73; 6706 src tok/s; 7064 tgt tok/s;     24 s elapsed
Epoch  4,   250/  454; acc:  62.09; ppl:   8.36; 7038 src tok/s; 7337 tgt tok/s;     29 s elapsed
Epoch  4,   300/  454; acc:  60.60; ppl:   9.37; 7159 src tok/s; 7374 tgt tok/s;     35 s elapsed
Epoch  4,   350/  454; acc:  60.17; ppl:   9.52; 7130 src tok/s; 7340 tgt tok/s;     42 s elapsed
Epoch  4,   400/  454; acc:  63.17; ppl:   7.95; 7262 src tok/s; 7589 tgt tok/s;     47 s elapsed
Epoch  4,   450/  454; acc:  61.43; ppl:   8.72; 7119 src tok/s; 7385 tgt tok/s;     53 s elapsed
Train perplexity: 9.03703
Train accuracy: 61.074
Validation perplexity: 8.56433
Validation accuracy: 62.5585

Epoch  5,    50/  454; acc:  64.06; ppl:   7.04; 7275 src tok/s; 7488 tgt tok/s;      6 s elapsed
Epoch  5,   100/  454; acc:  65.57; ppl:   6.38; 7270 src tok/s; 7571 tgt tok/s;     11 s elapsed
Epoch  5,   150/  454; acc:  63.88; ppl:   7.09; 7254 src tok/s; 7503 tgt tok/s;     17 s elapsed
Epoch  5,   200/  454; acc:  64.11; ppl:   6.97; 7247 src tok/s; 7560 tgt tok/s;     23 s elapsed
Epoch  5,   250/  454; acc:  64.69; ppl:   6.86; 7190 src tok/s; 7522 tgt tok/s;     29 s elapsed
Epoch  5,   300/  454; acc:  63.82; ppl:   7.23; 7042 src tok/s; 7314 tgt tok/s;     35 s elapsed
Epoch  5,   350/  454; acc:  63.48; ppl:   7.20; 7276 src tok/s; 7474 tgt tok/s;     41 s elapsed
Epoch  5,   400/  454; acc:  65.15; ppl:   6.60; 7113 src tok/s; 7438 tgt tok/s;     46 s elapsed
Epoch  5,   450/  454; acc:  64.17; ppl:   6.89; 7191 src tok/s; 7451 tgt tok/s;     52 s elapsed
Train perplexity: 6.92212
Train accuracy: 64.3122
Validation perplexity: 7.3516
Validation accuracy: 64.8574

Epoch  6,    50/  454; acc:  67.76; ppl:   5.32; 7142 src tok/s; 7423 tgt tok/s;      6 s elapsed
Epoch  6,   100/  454; acc:  66.77; ppl:   5.62; 7389 src tok/s; 7649 tgt tok/s;     12 s elapsed
Epoch  6,   150/  454; acc:  67.00; ppl:   5.58; 7200 src tok/s; 7506 tgt tok/s;     17 s elapsed
Epoch  6,   200/  454; acc:  66.70; ppl:   5.68; 7244 src tok/s; 7531 tgt tok/s;     23 s elapsed
Epoch  6,   250/  454; acc:  66.45; ppl:   5.75; 7272 src tok/s; 7515 tgt tok/s;     29 s elapsed
Epoch  6,   300/  454; acc:  66.99; ppl:   5.58; 7036 src tok/s; 7327 tgt tok/s;     35 s elapsed
Epoch  6,   350/  454; acc:  67.25; ppl:   5.52; 6976 src tok/s; 7240 tgt tok/s;     41 s elapsed
Epoch  6,   400/  454; acc:  66.90; ppl:   5.54; 7102 src tok/s; 7380 tgt tok/s;     47 s elapsed
Epoch  6,   450/  454; acc:  66.14; ppl:   5.86; 6870 src tok/s; 7101 tgt tok/s;     53 s elapsed
Train perplexity: 5.60786
Train accuracy: 66.8756
Validation perplexity: 6.9591
Validation accuracy: 65.7017

Epoch  7,    50/  454; acc:  69.92; ppl:   4.50; 6810 src tok/s; 7041 tgt tok/s;      6 s elapsed
Epoch  7,   100/  454; acc:  69.87; ppl:   4.51; 7105 src tok/s; 7406 tgt tok/s;     12 s elapsed
Epoch  7,   150/  454; acc:  69.30; ppl:   4.61; 7331 src tok/s; 7594 tgt tok/s;     18 s elapsed
Epoch  7,   200/  454; acc:  68.65; ppl:   4.80; 7251 src tok/s; 7472 tgt tok/s;     24 s elapsed
Epoch  7,   250/  454; acc:  67.56; ppl:   5.11; 7212 src tok/s; 7412 tgt tok/s;     30 s elapsed
Epoch  7,   300/  454; acc:  69.29; ppl:   4.63; 7081 src tok/s; 7483 tgt tok/s;     35 s elapsed
Epoch  7,   350/  454; acc:  67.07; ppl:   5.28; 7376 src tok/s; 7579 tgt tok/s;     41 s elapsed
Epoch  7,   400/  454; acc:  69.61; ppl:   4.56; 6948 src tok/s; 7297 tgt tok/s;     47 s elapsed
Epoch  7,   450/  454; acc:  68.53; ppl:   4.79; 7154 src tok/s; 7432 tgt tok/s;     53 s elapsed
Train perplexity: 4.74952
Train accuracy: 68.8538
Validation perplexity: 6.59152
Validation accuracy: 66.3261

Epoch  8,    50/  454; acc:  70.53; ppl:   4.08; 7098 src tok/s; 7378 tgt tok/s;      6 s elapsed
Epoch  8,   100/  454; acc:  71.09; ppl:   4.01; 7325 src tok/s; 7578 tgt tok/s;     12 s elapsed
Epoch  8,   150/  454; acc:  70.53; ppl:   4.16; 7048 src tok/s; 7320 tgt tok/s;     18 s elapsed
Epoch  8,   200/  454; acc:  70.95; ppl:   4.00; 7109 src tok/s; 7379 tgt tok/s;     24 s elapsed
Epoch  8,   250/  454; acc:  71.67; ppl:   3.89; 7241 src tok/s; 7553 tgt tok/s;     29 s elapsed
Epoch  8,   300/  454; acc:  69.81; ppl:   4.33; 7340 src tok/s; 7597 tgt tok/s;     35 s elapsed
Epoch  8,   350/  454; acc:  70.09; ppl:   4.23; 7177 src tok/s; 7460 tgt tok/s;     41 s elapsed
Epoch  8,   400/  454; acc:  70.63; ppl:   4.08; 7302 src tok/s; 7560 tgt tok/s;     47 s elapsed
Epoch  8,   450/  454; acc:  70.37; ppl:   4.24; 7255 src tok/s; 7534 tgt tok/s;     52 s elapsed
Train perplexity: 4.1217
Train accuracy: 70.5917
Validation perplexity: 6.5571
Validation accuracy: 67.0285
Decaying learning rate to 0.5

Epoch  9,    50/  454; acc:  74.13; ppl:   3.30; 6895 src tok/s; 7151 tgt tok/s;      6 s elapsed
Epoch  9,   100/  454; acc:  75.36; ppl:   3.10; 7135 src tok/s; 7397 tgt tok/s;     12 s elapsed
Epoch  9,   150/  454; acc:  76.24; ppl:   2.93; 6482 src tok/s; 6767 tgt tok/s;     18 s elapsed
Epoch  9,   200/  454; acc:  74.35; ppl:   3.24; 6524 src tok/s; 6727 tgt tok/s;     25 s elapsed
Epoch  9,   250/  454; acc:  74.97; ppl:   3.17; 7322 src tok/s; 7594 tgt tok/s;     31 s elapsed
Epoch  9,   300/  454; acc:  75.15; ppl:   3.17; 7067 src tok/s; 7352 tgt tok/s;     37 s elapsed
Epoch  9,   350/  454; acc:  75.24; ppl:   3.09; 7385 src tok/s; 7664 tgt tok/s;     42 s elapsed
Epoch  9,   400/  454; acc:  74.76; ppl:   3.20; 7108 src tok/s; 7364 tgt tok/s;     48 s elapsed
Epoch  9,   450/  454; acc:  75.38; ppl:   3.08; 6810 src tok/s; 7111 tgt tok/s;     54 s elapsed
Train perplexity: 3.14887
Train accuracy: 75.0033
Validation perplexity: 5.87085
Validation accuracy: 69.3699
Decaying learning rate to 0.25

Epoch 10,    50/  454; acc:  78.95; ppl:   2.50; 7109 src tok/s; 7374 tgt tok/s;      6 s elapsed
Epoch 10,   100/  454; acc:  77.35; ppl:   2.73; 7228 src tok/s; 7501 tgt tok/s;     12 s elapsed
Epoch 10,   150/  454; acc:  78.46; ppl:   2.61; 7148 src tok/s; 7450 tgt tok/s;     17 s elapsed
Epoch 10,   200/  454; acc:  78.05; ppl:   2.63; 7424 src tok/s; 7665 tgt tok/s;     23 s elapsed
Epoch 10,   250/  454; acc:  77.31; ppl:   2.72; 7336 src tok/s; 7556 tgt tok/s;     29 s elapsed
Epoch 10,   300/  454; acc:  78.53; ppl:   2.57; 6888 src tok/s; 7190 tgt tok/s;     35 s elapsed
Epoch 10,   350/  454; acc:  77.02; ppl:   2.81; 7274 src tok/s; 7520 tgt tok/s;     41 s elapsed
Epoch 10,   400/  454; acc:  79.03; ppl:   2.51; 7124 src tok/s; 7478 tgt tok/s;     47 s elapsed
Epoch 10,   450/  454; acc:  78.05; ppl:   2.61; 6944 src tok/s; 7213 tgt tok/s;     52 s elapsed
Train perplexity: 2.63645
Train accuracy: 78.0352
Validation perplexity: 5.83486
Validation accuracy: 69.7744
Decaying learning rate to 0.125

Epoch 11,    50/  454; acc:  79.54; ppl:   2.46; 7156 src tok/s; 7409 tgt tok/s;      6 s elapsed
Epoch 11,   100/  454; acc:  80.75; ppl:   2.29; 7287 src tok/s; 7614 tgt tok/s;     12 s elapsed
Epoch 11,   150/  454; acc:  79.39; ppl:   2.46; 7321 src tok/s; 7563 tgt tok/s;     18 s elapsed
Epoch 11,   200/  454; acc:  80.05; ppl:   2.36; 7066 src tok/s; 7406 tgt tok/s;     23 s elapsed
Epoch 11,   250/  454; acc:  79.92; ppl:   2.35; 7313 src tok/s; 7604 tgt tok/s;     29 s elapsed
Epoch 11,   300/  454; acc:  79.24; ppl:   2.47; 7044 src tok/s; 7293 tgt tok/s;     35 s elapsed
Epoch 11,   350/  454; acc:  80.06; ppl:   2.39; 7138 src tok/s; 7378 tgt tok/s;     41 s elapsed
Epoch 11,   400/  454; acc:  79.71; ppl:   2.41; 7253 src tok/s; 7513 tgt tok/s;     47 s elapsed
Epoch 11,   450/  454; acc:  79.63; ppl:   2.43; 7207 src tok/s; 7450 tgt tok/s;     52 s elapsed
Train perplexity: 2.3993
Train accuracy: 79.8249
Validation perplexity: 5.92843
Validation accuracy: 70.0298
Decaying learning rate to 0.0625

Epoch 12,    50/  454; acc:  80.46; ppl:   2.33; 7017 src tok/s; 7311 tgt tok/s;      6 s elapsed
Epoch 12,   100/  454; acc:  81.09; ppl:   2.25; 7250 src tok/s; 7463 tgt tok/s;     12 s elapsed
Epoch 12,   150/  454; acc:  80.30; ppl:   2.35; 7262 src tok/s; 7508 tgt tok/s;     18 s elapsed
Epoch 12,   200/  454; acc:  81.28; ppl:   2.21; 7236 src tok/s; 7533 tgt tok/s;     23 s elapsed
Epoch 12,   250/  454; acc:  81.29; ppl:   2.24; 7141 src tok/s; 7399 tgt tok/s;     29 s elapsed
Epoch 12,   300/  454; acc:  80.18; ppl:   2.36; 7128 src tok/s; 7386 tgt tok/s;     35 s elapsed
Epoch 12,   350/  454; acc:  82.11; ppl:   2.12; 7221 src tok/s; 7575 tgt tok/s;     41 s elapsed
Epoch 12,   400/  454; acc:  79.40; ppl:   2.43; 7293 src tok/s; 7519 tgt tok/s;     47 s elapsed
Epoch 12,   450/  454; acc:  80.75; ppl:   2.32; 7118 src tok/s; 7420 tgt tok/s;     52 s elapsed
Train perplexity: 2.28807
Train accuracy: 80.761
Validation perplexity: 5.97405
Validation accuracy: 70.0653
Decaying learning rate to 0.03125

Epoch 13,    50/  454; acc:  81.21; ppl:   2.27; 6995 src tok/s; 7293 tgt tok/s;      6 s elapsed
Epoch 13,   100/  454; acc:  81.21; ppl:   2.23; 7350 src tok/s; 7637 tgt tok/s;     12 s elapsed
Epoch 13,   150/  454; acc:  80.39; ppl:   2.31; 7326 src tok/s; 7552 tgt tok/s;     18 s elapsed
Epoch 13,   200/  454; acc:  81.78; ppl:   2.14; 7174 src tok/s; 7472 tgt tok/s;     23 s elapsed
Epoch 13,   250/  454; acc:  81.62; ppl:   2.19; 6716 src tok/s; 7001 tgt tok/s;     29 s elapsed
Epoch 13,   300/  454; acc:  80.99; ppl:   2.24; 7197 src tok/s; 7445 tgt tok/s;     35 s elapsed
Epoch 13,   350/  454; acc:  80.49; ppl:   2.32; 7278 src tok/s; 7471 tgt tok/s;     42 s elapsed
Epoch 13,   400/  454; acc:  82.20; ppl:   2.10; 7171 src tok/s; 7520 tgt tok/s;     47 s elapsed
Epoch 13,   450/  454; acc:  81.02; ppl:   2.25; 6954 src tok/s; 7220 tgt tok/s;     53 s elapsed
Train perplexity: 2.22903
Train accuracy: 81.1908
Validation perplexity: 6.00088
Validation accuracy: 70.1008
Decaying learning rate to 0.015625

Epoch 14,    50/  454; acc:  82.36; ppl:   2.09; 6878 src tok/s; 7179 tgt tok/s;      6 s elapsed
Epoch 14,   100/  454; acc:  80.85; ppl:   2.27; 7147 src tok/s; 7404 tgt tok/s;     12 s elapsed
Epoch 14,   150/  454; acc:  81.82; ppl:   2.17; 7056 src tok/s; 7340 tgt tok/s;     18 s elapsed
Epoch 14,   200/  454; acc:  80.52; ppl:   2.30; 7248 src tok/s; 7494 tgt tok/s;     24 s elapsed
Epoch 14,   250/  454; acc:  82.02; ppl:   2.15; 7248 src tok/s; 7523 tgt tok/s;     29 s elapsed
Epoch 14,   300/  454; acc:  80.98; ppl:   2.27; 7271 src tok/s; 7523 tgt tok/s;     35 s elapsed
Epoch 14,   350/  454; acc:  82.12; ppl:   2.15; 6982 src tok/s; 7291 tgt tok/s;     41 s elapsed
Epoch 14,   400/  454; acc:  81.20; ppl:   2.25; 7429 src tok/s; 7658 tgt tok/s;     47 s elapsed
Epoch 14,   450/  454; acc:  81.68; ppl:   2.17; 7085 src tok/s; 7382 tgt tok/s;     53 s elapsed
Train perplexity: 2.20435
Train accuracy: 81.4742
Validation perplexity: 6.01572
Validation accuracy: 70.1504
Decaying learning rate to 0.0078125

Epoch 15,    50/  454; acc:  80.49; ppl:   2.32; 7059 src tok/s; 7283 tgt tok/s;      6 s elapsed
Epoch 15,   100/  454; acc:  82.71; ppl:   2.08; 7210 src tok/s; 7548 tgt tok/s;     12 s elapsed
Epoch 15,   150/  454; acc:  81.22; ppl:   2.24; 7279 src tok/s; 7545 tgt tok/s;     18 s elapsed
Epoch 15,   200/  454; acc:  81.90; ppl:   2.16; 7334 src tok/s; 7598 tgt tok/s;     23 s elapsed
Epoch 15,   250/  454; acc:  81.53; ppl:   2.20; 7146 src tok/s; 7437 tgt tok/s;     29 s elapsed
Epoch 15,   300/  454; acc:  81.71; ppl:   2.16; 7259 src tok/s; 7496 tgt tok/s;     35 s elapsed
Epoch 15,   350/  454; acc:  82.37; ppl:   2.11; 7328 src tok/s; 7614 tgt tok/s;     41 s elapsed
Epoch 15,   400/  454; acc:  81.45; ppl:   2.24; 7222 src tok/s; 7499 tgt tok/s;     46 s elapsed
Epoch 15,   450/  454; acc:  81.18; ppl:   2.23; 6856 src tok/s; 7133 tgt tok/s;     52 s elapsed
Train perplexity: 2.18966
Train accuracy: 81.6308
Validation perplexity: 6.02249
Validation accuracy: 70.1433
Decaying learning rate to 0.00390625

Epoch 16,    50/  454; acc:  81.37; ppl:   2.18; 7009 src tok/s; 7248 tgt tok/s;      6 s elapsed
Epoch 16,   100/  454; acc:  82.15; ppl:   2.13; 7194 src tok/s; 7451 tgt tok/s;     12 s elapsed
Epoch 16,   150/  454; acc:  81.61; ppl:   2.18; 7206 src tok/s; 7501 tgt tok/s;     18 s elapsed
Epoch 16,   200/  454; acc:  81.10; ppl:   2.25; 7174 src tok/s; 7465 tgt tok/s;     23 s elapsed
Epoch 16,   250/  454; acc:  81.67; ppl:   2.17; 7154 src tok/s; 7432 tgt tok/s;     29 s elapsed
Epoch 16,   300/  454; acc:  81.90; ppl:   2.14; 7306 src tok/s; 7541 tgt tok/s;     35 s elapsed
Epoch 16,   350/  454; acc:  81.69; ppl:   2.18; 7343 src tok/s; 7602 tgt tok/s;     41 s elapsed
Epoch 16,   400/  454; acc:  81.94; ppl:   2.15; 7109 src tok/s; 7414 tgt tok/s;     47 s elapsed
Epoch 16,   450/  454; acc:  81.15; ppl:   2.26; 7019 src tok/s; 7299 tgt tok/s;     53 s elapsed
Train perplexity: 2.18046
Train accuracy: 81.6303
Validation perplexity: 6.03131
Validation accuracy: 70.1504
Decaying learning rate to 0.00195312

Epoch 17,    50/  454; acc:  81.99; ppl:   2.14; 7020 src tok/s; 7239 tgt tok/s;      6 s elapsed
Epoch 17,   100/  454; acc:  81.31; ppl:   2.22; 7111 src tok/s; 7406 tgt tok/s;     12 s elapsed
Epoch 17,   150/  454; acc:  81.99; ppl:   2.15; 7136 src tok/s; 7407 tgt tok/s;     18 s elapsed
Epoch 17,   200/  454; acc:  81.91; ppl:   2.16; 7307 src tok/s; 7567 tgt tok/s;     23 s elapsed
Epoch 17,   250/  454; acc:  82.05; ppl:   2.13; 7306 src tok/s; 7634 tgt tok/s;     29 s elapsed
Epoch 17,   300/  454; acc:  81.13; ppl:   2.26; 7251 src tok/s; 7487 tgt tok/s;     35 s elapsed
Epoch 17,   350/  454; acc:  81.23; ppl:   2.23; 7389 src tok/s; 7655 tgt tok/s;     41 s elapsed
Epoch 17,   400/  454; acc:  81.88; ppl:   2.16; 6950 src tok/s; 7242 tgt tok/s;     47 s elapsed
Epoch 17,   450/  454; acc:  81.73; ppl:   2.18; 6977 src tok/s; 7233 tgt tok/s;     53 s elapsed
Train perplexity: 2.17792
Train accuracy: 81.7124
Validation perplexity: 6.03377
Validation accuracy: 70.1291
Decaying learning rate to 0.000976562

Epoch 18,    50/  454; acc:  81.96; ppl:   2.15; 7151 src tok/s; 7418 tgt tok/s;      6 s elapsed
Epoch 18,   100/  454; acc:  81.73; ppl:   2.18; 7355 src tok/s; 7603 tgt tok/s;     12 s elapsed
Epoch 18,   150/  454; acc:  82.70; ppl:   2.08; 7122 src tok/s; 7426 tgt tok/s;     17 s elapsed
Epoch 18,   200/  454; acc:  80.80; ppl:   2.28; 7217 src tok/s; 7437 tgt tok/s;     23 s elapsed
Epoch 18,   250/  454; acc:  81.79; ppl:   2.16; 7121 src tok/s; 7413 tgt tok/s;     29 s elapsed
Epoch 18,   300/  454; acc:  81.68; ppl:   2.18; 7195 src tok/s; 7475 tgt tok/s;     35 s elapsed
Epoch 18,   350/  454; acc:  82.57; ppl:   2.07; 7096 src tok/s; 7427 tgt tok/s;     41 s elapsed
Epoch 18,   400/  454; acc:  80.36; ppl:   2.31; 7235 src tok/s; 7467 tgt tok/s;     47 s elapsed
Epoch 18,   450/  454; acc:  81.81; ppl:   2.17; 7080 src tok/s; 7361 tgt tok/s;     53 s elapsed
Train perplexity: 2.17717
Train accuracy: 81.6916
Validation perplexity: 6.03613
Validation accuracy: 70.1291
Decaying learning rate to 0.000488281

Epoch 19,    50/  454; acc:  80.88; ppl:   2.27; 6843 src tok/s; 7073 tgt tok/s;      6 s elapsed
Epoch 19,   100/  454; acc:  82.48; ppl:   2.10; 7234 src tok/s; 7582 tgt tok/s;     12 s elapsed
Epoch 19,   150/  454; acc:  82.28; ppl:   2.07; 7108 src tok/s; 7426 tgt tok/s;     18 s elapsed
Epoch 19,   200/  454; acc:  80.90; ppl:   2.28; 7321 src tok/s; 7568 tgt tok/s;     23 s elapsed
Epoch 19,   250/  454; acc:  81.35; ppl:   2.23; 7192 src tok/s; 7452 tgt tok/s;     30 s elapsed
Epoch 19,   300/  454; acc:  81.80; ppl:   2.15; 7057 src tok/s; 7331 tgt tok/s;     35 s elapsed
Epoch 19,   350/  454; acc:  82.65; ppl:   2.08; 7235 src tok/s; 7488 tgt tok/s;     41 s elapsed
Epoch 19,   400/  454; acc:  81.14; ppl:   2.26; 7143 src tok/s; 7390 tgt tok/s;     47 s elapsed
Epoch 19,   450/  454; acc:  81.63; ppl:   2.19; 7109 src tok/s; 7361 tgt tok/s;     53 s elapsed
Train perplexity: 2.1791
Train accuracy: 81.6967
Validation perplexity: 6.03647
Validation accuracy: 70.1433
Decaying learning rate to 0.000244141

Epoch 20,    50/  454; acc:  82.62; ppl:   2.08; 7054 src tok/s; 7344 tgt tok/s;      6 s elapsed
Epoch 20,   100/  454; acc:  81.00; ppl:   2.25; 7333 src tok/s; 7547 tgt tok/s;     12 s elapsed
Epoch 20,   150/  454; acc:  81.87; ppl:   2.14; 7142 src tok/s; 7422 tgt tok/s;     17 s elapsed
Epoch 20,   200/  454; acc:  81.16; ppl:   2.24; 6854 src tok/s; 7074 tgt tok/s;     24 s elapsed
Epoch 20,   250/  454; acc:  81.55; ppl:   2.21; 7179 src tok/s; 7468 tgt tok/s;     29 s elapsed
Epoch 20,   300/  454; acc:  82.07; ppl:   2.15; 7105 src tok/s; 7395 tgt tok/s;     35 s elapsed
Epoch 20,   350/  454; acc:  81.69; ppl:   2.18; 7068 src tok/s; 7356 tgt tok/s;     41 s elapsed
Epoch 20,   400/  454; acc:  81.68; ppl:   2.18; 7071 src tok/s; 7359 tgt tok/s;     47 s elapsed
Epoch 20,   450/  454; acc:  81.54; ppl:   2.18; 7172 src tok/s; 7423 tgt tok/s;     53 s elapsed
Train perplexity: 2.17669
Train accuracy: 81.6913
Validation perplexity: 6.03695
Validation accuracy: 70.1433
Decaying learning rate to 0.00012207

Epoch 21,    50/  454; acc:  80.96; ppl:   2.28; 7039 src tok/s; 7298 tgt tok/s;      6 s elapsed
Epoch 21,   100/  454; acc:  82.43; ppl:   2.10; 7277 src tok/s; 7556 tgt tok/s;     12 s elapsed
Epoch 21,   150/  454; acc:  82.52; ppl:   2.08; 7149 src tok/s; 7436 tgt tok/s;     17 s elapsed
Epoch 21,   200/  454; acc:  80.74; ppl:   2.29; 7204 src tok/s; 7463 tgt tok/s;     23 s elapsed
Epoch 21,   250/  454; acc:  81.90; ppl:   2.15; 6794 src tok/s; 7046 tgt tok/s;     30 s elapsed
Epoch 21,   300/  454; acc:  81.97; ppl:   2.15; 7116 src tok/s; 7387 tgt tok/s;     35 s elapsed
Epoch 21,   350/  454; acc:  81.30; ppl:   2.24; 7305 src tok/s; 7589 tgt tok/s;     41 s elapsed
Epoch 21,   400/  454; acc:  82.04; ppl:   2.13; 7303 src tok/s; 7611 tgt tok/s;     47 s elapsed
Epoch 21,   450/  454; acc:  81.95; ppl:   2.18; 7228 src tok/s; 7493 tgt tok/s;     53 s elapsed
Train perplexity: 2.17803
Train accuracy: 81.7402
Validation perplexity: 6.03707
Validation accuracy: 70.1433
Decaying learning rate to 6.10352e-05

Epoch 22,    50/  454; acc:  80.96; ppl:   2.23; 7142 src tok/s; 7362 tgt tok/s;      6 s elapsed
Epoch 22,   100/  454; acc:  82.13; ppl:   2.10; 6885 src tok/s; 7259 tgt tok/s;     12 s elapsed
Epoch 22,   150/  454; acc:  81.87; ppl:   2.15; 7080 src tok/s; 7376 tgt tok/s;     18 s elapsed
Epoch 22,   200/  454; acc:  81.17; ppl:   2.22; 7158 src tok/s; 7403 tgt tok/s;     24 s elapsed
Epoch 22,   250/  454; acc:  82.02; ppl:   2.15; 6941 src tok/s; 7248 tgt tok/s;     30 s elapsed
Epoch 22,   300/  454; acc:  81.57; ppl:   2.19; 7202 src tok/s; 7431 tgt tok/s;     36 s elapsed
Epoch 22,   350/  454; acc:  82.15; ppl:   2.12; 7149 src tok/s; 7418 tgt tok/s;     41 s elapsed
Epoch 22,   400/  454; acc:  81.47; ppl:   2.22; 7356 src tok/s; 7610 tgt tok/s;     47 s elapsed
Epoch 22,   450/  454; acc:  81.73; ppl:   2.19; 7250 src tok/s; 7508 tgt tok/s;     53 s elapsed
Train perplexity: 2.17555
Train accuracy: 81.6678
Validation perplexity: 6.03713
Validation accuracy: 70.1362
Decaying learning rate to 3.05176e-05

Epoch 23,    50/  454; acc:  82.38; ppl:   2.10; 6948 src tok/s; 7256 tgt tok/s;      6 s elapsed
Epoch 23,   100/  454; acc:  81.16; ppl:   2.24; 7248 src tok/s; 7512 tgt tok/s;     12 s elapsed
Epoch 23,   150/  454; acc:  82.63; ppl:   2.07; 7111 src tok/s; 7465 tgt tok/s;     17 s elapsed
Epoch 23,   200/  454; acc:  80.61; ppl:   2.31; 7227 src tok/s; 7450 tgt tok/s;     23 s elapsed
Epoch 23,   250/  454; acc:  82.17; ppl:   2.14; 7154 src tok/s; 7420 tgt tok/s;     29 s elapsed
Epoch 23,   300/  454; acc:  81.72; ppl:   2.17; 7313 src tok/s; 7561 tgt tok/s;     35 s elapsed
Epoch 23,   350/  454; acc:  80.94; ppl:   2.30; 7339 src tok/s; 7560 tgt tok/s;     41 s elapsed
Epoch 23,   400/  454; acc:  82.42; ppl:   2.07; 6751 src tok/s; 7063 tgt tok/s;     47 s elapsed
Epoch 23,   450/  454; acc:  81.80; ppl:   2.14; 7365 src tok/s; 7625 tgt tok/s;     53 s elapsed
Train perplexity: 2.1757
Train accuracy: 81.7078
Validation perplexity: 6.03718
Validation accuracy: 70.1362
Decaying learning rate to 1.52588e-05

Epoch 24,    50/  454; acc:  81.74; ppl:   2.19; 7054 src tok/s; 7331 tgt tok/s;      6 s elapsed
Epoch 24,   100/  454; acc:  81.56; ppl:   2.20; 7100 src tok/s; 7373 tgt tok/s;     12 s elapsed
Epoch 24,   150/  454; acc:  81.80; ppl:   2.17; 7488 src tok/s; 7708 tgt tok/s;     18 s elapsed
Epoch 24,   200/  454; acc:  81.70; ppl:   2.17; 6976 src tok/s; 7270 tgt tok/s;     23 s elapsed
Epoch 24,   250/  454; acc:  81.81; ppl:   2.16; 7179 src tok/s; 7457 tgt tok/s;     29 s elapsed
Epoch 24,   300/  454; acc:  81.68; ppl:   2.20; 7272 src tok/s; 7552 tgt tok/s;     35 s elapsed
Epoch 24,   350/  454; acc:  82.62; ppl:   2.08; 7290 src tok/s; 7567 tgt tok/s;     41 s elapsed
Epoch 24,   400/  454; acc:  81.37; ppl:   2.26; 7172 src tok/s; 7449 tgt tok/s;     47 s elapsed
Epoch 24,   450/  454; acc:  82.28; ppl:   2.10; 7174 src tok/s; 7475 tgt tok/s;     52 s elapsed
Train perplexity: 2.1779
Train accuracy: 81.7661
Validation perplexity: 6.03719
Validation accuracy: 70.1362
Decaying learning rate to 7.62939e-06

Epoch 25,    50/  454; acc:  81.62; ppl:   2.22; 7062 src tok/s; 7359 tgt tok/s;      6 s elapsed
Epoch 25,   100/  454; acc:  82.05; ppl:   2.13; 7208 src tok/s; 7465 tgt tok/s;     12 s elapsed
Epoch 25,   150/  454; acc:  81.61; ppl:   2.18; 7290 src tok/s; 7536 tgt tok/s;     18 s elapsed
Epoch 25,   200/  454; acc:  81.99; ppl:   2.14; 7192 src tok/s; 7503 tgt tok/s;     23 s elapsed
Epoch 25,   250/  454; acc:  82.34; ppl:   2.12; 7171 src tok/s; 7464 tgt tok/s;     29 s elapsed
Epoch 25,   300/  454; acc:  81.31; ppl:   2.24; 7218 src tok/s; 7479 tgt tok/s;     35 s elapsed
Epoch 25,   350/  454; acc:  80.79; ppl:   2.30; 7122 src tok/s; 7309 tgt tok/s;     41 s elapsed
Epoch 25,   400/  454; acc:  82.41; ppl:   2.10; 7239 src tok/s; 7583 tgt tok/s;     47 s elapsed
Epoch 25,   450/  454; acc:  81.56; ppl:   2.19; 7116 src tok/s; 7367 tgt tok/s;     53 s elapsed
Train perplexity: 2.18012
Train accuracy: 81.7397
Validation perplexity: 6.0372
Validation accuracy: 70.1362
Decaying learning rate to 3.8147e-06

Epoch 26,    50/  454; acc:  82.07; ppl:   2.10; 7097 src tok/s; 7379 tgt tok/s;      6 s elapsed
Epoch 26,   100/  454; acc:  81.24; ppl:   2.24; 7256 src tok/s; 7535 tgt tok/s;     12 s elapsed
Epoch 26,   150/  454; acc:  81.98; ppl:   2.14; 7395 src tok/s; 7676 tgt tok/s;     17 s elapsed
Epoch 26,   200/  454; acc:  81.43; ppl:   2.23; 7403 src tok/s; 7680 tgt tok/s;     23 s elapsed
Epoch 26,   250/  454; acc:  81.52; ppl:   2.22; 7121 src tok/s; 7320 tgt tok/s;     29 s elapsed
Epoch 26,   300/  454; acc:  82.11; ppl:   2.12; 6973 src tok/s; 7245 tgt tok/s;     35 s elapsed
Epoch 26,   350/  454; acc:  81.15; ppl:   2.25; 6908 src tok/s; 7176 tgt tok/s;     41 s elapsed
Epoch 26,   400/  454; acc:  81.89; ppl:   2.15; 7141 src tok/s; 7435 tgt tok/s;     47 s elapsed
Epoch 26,   450/  454; acc:  81.99; ppl:   2.15; 7148 src tok/s; 7419 tgt tok/s;     53 s elapsed
Train perplexity: 2.17549
Train accuracy: 81.7048
Validation perplexity: 6.0372
Validation accuracy: 70.1362
Decaying learning rate to 1.90735e-06

Epoch 27,    50/  454; acc:  81.43; ppl:   2.22; 7094 src tok/s; 7352 tgt tok/s;      6 s elapsed
Epoch 27,   100/  454; acc:  82.23; ppl:   2.12; 7209 src tok/s; 7515 tgt tok/s;     12 s elapsed
Epoch 27,   150/  454; acc:  81.22; ppl:   2.22; 7111 src tok/s; 7359 tgt tok/s;     18 s elapsed
Epoch 27,   200/  454; acc:  82.16; ppl:   2.11; 7059 src tok/s; 7380 tgt tok/s;     24 s elapsed
Epoch 27,   250/  454; acc:  81.23; ppl:   2.23; 7307 src tok/s; 7561 tgt tok/s;     29 s elapsed
Epoch 27,   300/  454; acc:  82.00; ppl:   2.14; 7141 src tok/s; 7402 tgt tok/s;     35 s elapsed
Epoch 27,   350/  454; acc:  82.02; ppl:   2.14; 7231 src tok/s; 7547 tgt tok/s;     41 s elapsed
Epoch 27,   400/  454; acc:  81.53; ppl:   2.23; 7373 src tok/s; 7602 tgt tok/s;     47 s elapsed
Epoch 27,   450/  454; acc:  81.64; ppl:   2.18; 7081 src tok/s; 7361 tgt tok/s;     52 s elapsed
Train perplexity: 2.17633
Train accuracy: 81.7048
Validation perplexity: 6.0372
Validation accuracy: 70.1362
Decaying learning rate to 9.53674e-07

Epoch 28,    50/  454; acc:  82.17; ppl:   2.15; 7038 src tok/s; 7289 tgt tok/s;      6 s elapsed
Epoch 28,   100/  454; acc:  81.20; ppl:   2.24; 7143 src tok/s; 7409 tgt tok/s;     12 s elapsed
Epoch 28,   150/  454; acc:  81.53; ppl:   2.19; 7139 src tok/s; 7419 tgt tok/s;     18 s elapsed
Epoch 28,   200/  454; acc:  81.99; ppl:   2.16; 7247 src tok/s; 7505 tgt tok/s;     23 s elapsed
Epoch 28,   250/  454; acc:  82.16; ppl:   2.16; 7134 src tok/s; 7434 tgt tok/s;     29 s elapsed
Epoch 28,   300/  454; acc:  81.76; ppl:   2.14; 7315 src tok/s; 7607 tgt tok/s;     35 s elapsed
Epoch 28,   350/  454; acc:  81.78; ppl:   2.15; 7374 src tok/s; 7651 tgt tok/s;     41 s elapsed
Epoch 28,   400/  454; acc:  81.42; ppl:   2.18; 7022 src tok/s; 7294 tgt tok/s;     47 s elapsed
Epoch 28,   450/  454; acc:  82.22; ppl:   2.14; 7195 src tok/s; 7480 tgt tok/s;     52 s elapsed
Train perplexity: 2.17654
Train accuracy: 81.7316
Validation perplexity: 6.0372
Validation accuracy: 70.1362
Decaying learning rate to 4.76837e-07

Epoch 29,    50/  454; acc:  81.95; ppl:   2.14; 7101 src tok/s; 7380 tgt tok/s;      6 s elapsed
Epoch 29,   100/  454; acc:  81.50; ppl:   2.21; 7137 src tok/s; 7398 tgt tok/s;     12 s elapsed
Epoch 29,   150/  454; acc:  82.43; ppl:   2.07; 7158 src tok/s; 7504 tgt tok/s;     17 s elapsed
Epoch 29,   200/  454; acc:  80.81; ppl:   2.30; 7409 src tok/s; 7635 tgt tok/s;     23 s elapsed
Epoch 29,   250/  454; acc:  80.99; ppl:   2.27; 7333 src tok/s; 7539 tgt tok/s;     29 s elapsed
Epoch 29,   300/  454; acc:  82.56; ppl:   2.09; 7248 src tok/s; 7577 tgt tok/s;     35 s elapsed
Epoch 29,   350/  454; acc:  81.68; ppl:   2.18; 7082 src tok/s; 7384 tgt tok/s;     41 s elapsed
Epoch 29,   400/  454; acc:  82.04; ppl:   2.16; 7246 src tok/s; 7521 tgt tok/s;     47 s elapsed
Epoch 29,   450/  454; acc:  81.73; ppl:   2.19; 7181 src tok/s; 7416 tgt tok/s;     52 s elapsed
Train perplexity: 2.177
Train accuracy: 81.7605
Validation perplexity: 6.0372
Validation accuracy: 70.1362
Decaying learning rate to 2.38419e-07

Epoch 30,    50/  454; acc:  81.92; ppl:   2.18; 6916 src tok/s; 7190 tgt tok/s;      6 s elapsed
Epoch 30,   100/  454; acc:  81.29; ppl:   2.18; 7380 src tok/s; 7630 tgt tok/s;     12 s elapsed
Epoch 30,   150/  454; acc:  81.36; ppl:   2.21; 7075 src tok/s; 7356 tgt tok/s;     18 s elapsed
Epoch 30,   200/  454; acc:  82.24; ppl:   2.12; 7197 src tok/s; 7470 tgt tok/s;     24 s elapsed
Epoch 30,   250/  454; acc:  82.18; ppl:   2.13; 7243 src tok/s; 7526 tgt tok/s;     29 s elapsed
Epoch 30,   300/  454; acc:  81.55; ppl:   2.21; 7380 src tok/s; 7663 tgt tok/s;     35 s elapsed
Epoch 30,   350/  454; acc:  80.51; ppl:   2.31; 7404 src tok/s; 7635 tgt tok/s;     41 s elapsed
Epoch 30,   400/  454; acc:  82.72; ppl:   2.06; 7312 src tok/s; 7659 tgt tok/s;     46 s elapsed
Epoch 30,   450/  454; acc:  81.19; ppl:   2.23; 7331 src tok/s; 7560 tgt tok/s;     52 s elapsed
Train perplexity: 2.17767
Train accuracy: 81.6713
Validation perplexity: 6.0372
Validation accuracy: 70.1362
Decaying learning rate to 1.19209e-07

Epoch 31,    50/  454; acc:  80.67; ppl:   2.31; 6854 src tok/s; 7089 tgt tok/s;      6 s elapsed
Epoch 31,   100/  454; acc:  81.97; ppl:   2.17; 6941 src tok/s; 7252 tgt tok/s;     12 s elapsed
Epoch 31,   150/  454; acc:  82.43; ppl:   2.08; 7274 src tok/s; 7575 tgt tok/s;     18 s elapsed
Epoch 31,   200/  454; acc:  81.25; ppl:   2.24; 7330 src tok/s; 7579 tgt tok/s;     24 s elapsed
Epoch 31,   250/  454; acc:  83.23; ppl:   2.01; 7092 src tok/s; 7438 tgt tok/s;     29 s elapsed
Epoch 31,   300/  454; acc:  80.65; ppl:   2.30; 7310 src tok/s; 7507 tgt tok/s;     35 s elapsed
Epoch 31,   350/  454; acc:  81.38; ppl:   2.20; 7338 src tok/s; 7587 tgt tok/s;     41 s elapsed
Epoch 31,   400/  454; acc:  82.07; ppl:   2.12; 7184 src tok/s; 7462 tgt tok/s;     47 s elapsed
Epoch 31,   450/  454; acc:  81.57; ppl:   2.18; 7114 src tok/s; 7375 tgt tok/s;     53 s elapsed
Train perplexity: 2.1783
Train accuracy: 81.6817
Validation perplexity: 6.0372
Validation accuracy: 70.1362
Decaying learning rate to 5.96046e-08

Epoch 32,    50/  454; acc:  81.20; ppl:   2.24; 7130 src tok/s; 7368 tgt tok/s;      6 s elapsed
Epoch 32,   100/  454; acc:  81.80; ppl:   2.18; 7260 src tok/s; 7561 tgt tok/s;     12 s elapsed
Epoch 32,   150/  454; acc:  81.05; ppl:   2.22; 7191 src tok/s; 7439 tgt tok/s;     18 s elapsed
Epoch 32,   200/  454; acc:  81.85; ppl:   2.16; 7165 src tok/s; 7481 tgt tok/s;     23 s elapsed
Epoch 32,   250/  454; acc:  81.94; ppl:   2.13; 7035 src tok/s; 7289 tgt tok/s;     29 s elapsed
Epoch 32,   300/  454; acc:  81.71; ppl:   2.19; 7090 src tok/s; 7372 tgt tok/s;     35 s elapsed
Epoch 32,   350/  454; acc:  81.86; ppl:   2.15; 7277 src tok/s; 7564 tgt tok/s;     41 s elapsed
Epoch 32,   400/  454; acc:  82.08; ppl:   2.15; 7252 src tok/s; 7509 tgt tok/s;     47 s elapsed
Epoch 32,   450/  454; acc:  81.45; ppl:   2.20; 7155 src tok/s; 7396 tgt tok/s;     53 s elapsed
Train perplexity: 2.17778
Train accuracy: 81.6799
Validation perplexity: 6.0372
Validation accuracy: 70.1362
Decaying learning rate to 2.98023e-08

Epoch 33,    50/  454; acc:  82.73; ppl:   2.08; 6970 src tok/s; 7336 tgt tok/s;      6 s elapsed
Epoch 33,   100/  454; acc:  80.84; ppl:   2.27; 7216 src tok/s; 7455 tgt tok/s;     12 s elapsed
Epoch 33,   150/  454; acc:  82.09; ppl:   2.13; 7306 src tok/s; 7547 tgt tok/s;     18 s elapsed
Epoch 33,   200/  454; acc:  81.76; ppl:   2.18; 7064 src tok/s; 7349 tgt tok/s;     23 s elapsed
Epoch 33,   250/  454; acc:  81.58; ppl:   2.18; 7455 src tok/s; 7697 tgt tok/s;     29 s elapsed
Epoch 33,   300/  454; acc:  81.85; ppl:   2.17; 7276 src tok/s; 7531 tgt tok/s;     35 s elapsed
Epoch 33,   350/  454; acc:  81.25; ppl:   2.22; 7170 src tok/s; 7432 tgt tok/s;     41 s elapsed
Epoch 33,   400/  454; acc:  82.04; ppl:   2.14; 7076 src tok/s; 7374 tgt tok/s;     47 s elapsed
Epoch 33,   450/  454; acc:  81.51; ppl:   2.19; 7073 src tok/s; 7338 tgt tok/s;     52 s elapsed
Train perplexity: 2.17701
Train accuracy: 81.7002
Validation perplexity: 6.0372
Validation accuracy: 70.1362
Decaying learning rate to 1.49012e-08

Epoch 34,    50/  454; acc:  82.05; ppl:   2.13; 7183 src tok/s; 7449 tgt tok/s;      6 s elapsed
Epoch 34,   100/  454; acc:  81.37; ppl:   2.22; 6913 src tok/s; 7211 tgt tok/s;     12 s elapsed
Epoch 34,   150/  454; acc:  81.98; ppl:   2.14; 7292 src tok/s; 7600 tgt tok/s;     18 s elapsed
Epoch 34,   200/  454; acc:  81.10; ppl:   2.27; 7025 src tok/s; 7273 tgt tok/s;     24 s elapsed
Epoch 34,   250/  454; acc:  81.56; ppl:   2.17; 7211 src tok/s; 7475 tgt tok/s;     29 s elapsed
Epoch 34,   300/  454; acc:  82.05; ppl:   2.16; 7351 src tok/s; 7637 tgt tok/s;     35 s elapsed
Epoch 34,   350/  454; acc:  81.94; ppl:   2.15; 7299 src tok/s; 7553 tgt tok/s;     41 s elapsed
Epoch 34,   400/  454; acc:  81.70; ppl:   2.20; 7204 src tok/s; 7480 tgt tok/s;     47 s elapsed
Epoch 34,   450/  454; acc:  81.65; ppl:   2.18; 7211 src tok/s; 7470 tgt tok/s;     52 s elapsed
Train perplexity: 2.17959
Train accuracy: 81.7015
Validation perplexity: 6.0372
Validation accuracy: 70.1362
Decaying learning rate to 7.45058e-09

Epoch 35,    50/  454; acc:  82.34; ppl:   2.10; 6950 src tok/s; 7286 tgt tok/s;      6 s elapsed
Epoch 35,   100/  454; acc:  81.12; ppl:   2.25; 7383 src tok/s; 7596 tgt tok/s;     12 s elapsed
Epoch 35,   150/  454; acc:  82.99; ppl:   2.04; 7348 src tok/s; 7682 tgt tok/s;     17 s elapsed
Epoch 35,   200/  454; acc:  80.87; ppl:   2.27; 7237 src tok/s; 7468 tgt tok/s;     23 s elapsed
Epoch 35,   250/  454; acc:  82.49; ppl:   2.07; 7034 src tok/s; 7320 tgt tok/s;     29 s elapsed
Epoch 35,   300/  454; acc:  80.94; ppl:   2.26; 7108 src tok/s; 7329 tgt tok/s;     35 s elapsed
Epoch 35,   350/  454; acc:  80.99; ppl:   2.25; 7034 src tok/s; 7300 tgt tok/s;     41 s elapsed
Epoch 35,   400/  454; acc:  82.06; ppl:   2.14; 7085 src tok/s; 7404 tgt tok/s;     47 s elapsed
Epoch 35,   450/  454; acc:  81.38; ppl:   2.24; 7260 src tok/s; 7489 tgt tok/s;     53 s elapsed
Train perplexity: 2.17833
Train accuracy: 81.6873
Validation perplexity: 6.0372
Validation accuracy: 70.1362
Decaying learning rate to 3.72529e-09

Epoch 36,    50/  454; acc:  82.51; ppl:   2.09; 6963 src tok/s; 7266 tgt tok/s;      6 s elapsed
Epoch 36,   100/  454; acc:  81.03; ppl:   2.27; 7141 src tok/s; 7381 tgt tok/s;     12 s elapsed
Epoch 36,   150/  454; acc:  82.13; ppl:   2.13; 7249 src tok/s; 7509 tgt tok/s;     18 s elapsed
Epoch 36,   200/  454; acc:  81.16; ppl:   2.20; 7273 src tok/s; 7536 tgt tok/s;     23 s elapsed
Epoch 36,   250/  454; acc:  81.32; ppl:   2.20; 7209 src tok/s; 7500 tgt tok/s;     29 s elapsed
Epoch 36,   300/  454; acc:  82.09; ppl:   2.13; 7273 src tok/s; 7549 tgt tok/s;     35 s elapsed
Epoch 36,   350/  454; acc:  81.43; ppl:   2.21; 7112 src tok/s; 7382 tgt tok/s;     41 s elapsed
Epoch 36,   400/  454; acc:  81.95; ppl:   2.18; 7225 src tok/s; 7502 tgt tok/s;     47 s elapsed
Epoch 36,   450/  454; acc:  81.56; ppl:   2.17; 7006 src tok/s; 7280 tgt tok/s;     53 s elapsed
Train perplexity: 2.17591
Train accuracy: 81.6901
Validation perplexity: 6.0372
Validation accuracy: 70.1362
Decaying learning rate to 1.86265e-09

Epoch 37,    50/  454; acc:  80.75; ppl:   2.28; 6925 src tok/s; 7212 tgt tok/s;      6 s elapsed
Epoch 37,   100/  454; acc:  82.29; ppl:   2.11; 7362 src tok/s; 7625 tgt tok/s;     12 s elapsed
Epoch 37,   150/  454; acc:  81.35; ppl:   2.20; 7182 src tok/s; 7494 tgt tok/s;     18 s elapsed
Epoch 37,   200/  454; acc:  82.39; ppl:   2.08; 7117 src tok/s; 7421 tgt tok/s;     23 s elapsed
Epoch 37,   250/  454; acc:  81.40; ppl:   2.23; 7225 src tok/s; 7502 tgt tok/s;     29 s elapsed
Epoch 37,   300/  454; acc:  81.87; ppl:   2.18; 7132 src tok/s; 7379 tgt tok/s;     35 s elapsed
Epoch 37,   350/  454; acc:  81.81; ppl:   2.17; 7318 src tok/s; 7563 tgt tok/s;     41 s elapsed
Epoch 37,   400/  454; acc:  82.12; ppl:   2.14; 7181 src tok/s; 7451 tgt tok/s;     47 s elapsed
Epoch 37,   450/  454; acc:  81.62; ppl:   2.20; 7046 src tok/s; 7276 tgt tok/s;     53 s elapsed
Train perplexity: 2.17468
Train accuracy: 81.7443
Validation perplexity: 6.0372
Validation accuracy: 70.1362
Decaying learning rate to 9.31323e-10

Epoch 38,    50/  454; acc:  81.83; ppl:   2.15; 6918 src tok/s; 7232 tgt tok/s;      6 s elapsed
Epoch 38,   100/  454; acc:  81.38; ppl:   2.21; 7275 src tok/s; 7519 tgt tok/s;     12 s elapsed
Epoch 38,   150/  454; acc:  80.95; ppl:   2.29; 7402 src tok/s; 7632 tgt tok/s;     18 s elapsed
Epoch 38,   200/  454; acc:  82.68; ppl:   2.09; 7136 src tok/s; 7444 tgt tok/s;     23 s elapsed
Epoch 38,   250/  454; acc:  81.77; ppl:   2.16; 7211 src tok/s; 7473 tgt tok/s;     29 s elapsed
Epoch 38,   300/  454; acc:  81.96; ppl:   2.14; 7206 src tok/s; 7489 tgt tok/s;     35 s elapsed
Epoch 38,   350/  454; acc:  81.97; ppl:   2.15; 7242 src tok/s; 7511 tgt tok/s;     41 s elapsed
Epoch 38,   400/  454; acc:  81.48; ppl:   2.20; 7197 src tok/s; 7471 tgt tok/s;     47 s elapsed
Epoch 38,   450/  454; acc:  81.68; ppl:   2.18; 7291 src tok/s; 7573 tgt tok/s;     52 s elapsed
Train perplexity: 2.17454
Train accuracy: 81.7273
Validation perplexity: 6.0372
Validation accuracy: 70.1362
Decaying learning rate to 4.65661e-10

Epoch 39,    50/  454; acc:  81.83; ppl:   2.21; 6927 src tok/s; 7206 tgt tok/s;      6 s elapsed
Epoch 39,   100/  454; acc:  81.65; ppl:   2.18; 7167 src tok/s; 7462 tgt tok/s;     12 s elapsed
Epoch 39,   150/  454; acc:  81.39; ppl:   2.25; 7330 src tok/s; 7539 tgt tok/s;     18 s elapsed
Epoch 39,   200/  454; acc:  82.41; ppl:   2.10; 7196 src tok/s; 7492 tgt tok/s;     23 s elapsed
Epoch 39,   250/  454; acc:  81.48; ppl:   2.18; 7150 src tok/s; 7421 tgt tok/s;     29 s elapsed
Epoch 39,   300/  454; acc:  82.21; ppl:   2.11; 7173 src tok/s; 7443 tgt tok/s;     35 s elapsed
Epoch 39,   350/  454; acc:  82.23; ppl:   2.13; 7327 src tok/s; 7635 tgt tok/s;     41 s elapsed
Epoch 39,   400/  454; acc:  81.15; ppl:   2.24; 7391 src tok/s; 7636 tgt tok/s;     47 s elapsed
Epoch 39,   450/  454; acc:  82.07; ppl:   2.13; 6729 src tok/s; 7010 tgt tok/s;     53 s elapsed
Train perplexity: 2.17552
Train accuracy: 81.775
Validation perplexity: 6.0372
Validation accuracy: 70.1362
Decaying learning rate to 2.32831e-10

Epoch 40,    50/  454; acc:  81.47; ppl:   2.21; 6899 src tok/s; 7229 tgt tok/s;      6 s elapsed
Epoch 40,   100/  454; acc:  81.75; ppl:   2.16; 7225 src tok/s; 7449 tgt tok/s;     12 s elapsed
Epoch 40,   150/  454; acc:  82.54; ppl:   2.10; 7130 src tok/s; 7512 tgt tok/s;     17 s elapsed
Epoch 40,   200/  454; acc:  80.80; ppl:   2.30; 7409 src tok/s; 7614 tgt tok/s;     23 s elapsed
Epoch 40,   250/  454; acc:  81.16; ppl:   2.24; 7242 src tok/s; 7508 tgt tok/s;     29 s elapsed
Epoch 40,   300/  454; acc:  82.37; ppl:   2.09; 7201 src tok/s; 7471 tgt tok/s;     35 s elapsed
Epoch 40,   350/  454; acc:  81.84; ppl:   2.18; 7037 src tok/s; 7298 tgt tok/s;     41 s elapsed
Epoch 40,   400/  454; acc:  82.11; ppl:   2.15; 7336 src tok/s; 7601 tgt tok/s;     47 s elapsed
Epoch 40,   450/  454; acc:  81.58; ppl:   2.16; 7090 src tok/s; 7351 tgt tok/s;     53 s elapsed
Train perplexity: 2.17624
Train accuracy: 81.7463
Validation perplexity: 6.0372
Validation accuracy: 70.1362
Decaying learning rate to 1.16415e-10
